Android-SDK-Sample-App-By-Integration-Team/app/build/outputs/logs/manifest-merger-debug-report.txt
-- Merging decision tree log ---
manifest
ADDED from AndroidManifest.xml:2:1
	package
		ADDED from AndroidManifest.xml:3:5
		INJECTED from AndroidManifest.xml:0:0
		INJECTED from AndroidManifest.xml:0:0
	android:versionName
		INJECTED from AndroidManifest.xml:0:0
		INJECTED from AndroidManifest.xml:0:0
	xmlns:android
		ADDED from AndroidManifest.xml:2:11
	android:versionCode
		INJECTED from AndroidManifest.xml:0:0
		INJECTED from AndroidManifest.xml:0:0
uses-permission#android.permission.INTERNET
ADDED from AndroidManifest.xml:5:5
MERGED from com.mixpanel.android:mixpanel-android:4.6.4:17:5
MERGED from com.mixpanel.android:mixpanel-android:4.6.4:17:5
MERGED from com.mixpanel.android:mixpanel-android:4.6.4:17:5
	android:name
		ADDED from AndroidManifest.xml:5:22
uses-permission#android.permission.ACCESS_NETWORK_STATE
ADDED from AndroidManifest.xml:6:5
MERGED from com.payu.custombrowser:payu-custom-browser:5.3.3:11:5
	android:name
		ADDED from AndroidManifest.xml:6:22
uses-permission#android.permission.RECEIVE_SMS
ADDED from AndroidManifest.xml:7:5
MERGED from com.payu.custombrowser:payu-custom-browser:5.3.3:12:5
	android:protectionLevel
		ADDED from AndroidManifest.xml:8:9
	android:name
		ADDED from AndroidManifest.xml:7:22
application
ADDED from AndroidManifest.xml:10:5
MERGED from com.android.support:appcompat-v7:23.0.1:22:5
MERGED from com.android.support:support-v4:23.0.1:22:5
MERGED from Android-SDK-Sample-App-s4.3.1c5.3.1 copy:sdkui:unspecified:11:5
MERGED from com.android.support:appcompat-v7:23.0.1:22:5
MERGED from com.android.support:support-v4:23.0.1:22:5
MERGED from com.payu.india:payu-sdk:4.3.1:11:5
MERGED from com.android.support:appcompat-v7:23.0.1:22:5
MERGED from com.android.support:support-v4:23.0.1:22:5
MERGED from com.android.support:appcompat-v7:23.0.1:22:5
MERGED from com.android.support:support-v4:23.0.1:22:5
MERGED from com.mixpanel.android:mixpanel-android:4.6.4:44:5
MERGED from com.payu.magicretry:magicretry:1.0.0:11:5
MERGED from com.android.support:appcompat-v7:23.0.1:22:5
MERGED from com.android.support:support-v4:23.0.1:22:5
MERGED from com.mixpanel.android:mixpanel-android:4.6.4:44:5
MERGED from com.payu.magicretry:magicretry:1.0.0:11:5
MERGED from com.android.support:appcompat-v7:23.0.1:22:5
MERGED from com.android.support:support-v4:23.0.1:22:5
MERGED from com.mixpanel.android:mixpanel-android:4.6.4:44:5
	android:label
		ADDED from AndroidManifest.xml:13:9
	tools:ignore
		ADDED from com.mixpanel.android:mixpanel-android:4.6.4:44:18
	android:icon
		ADDED from AndroidManifest.xml:12:9
	android:allowBackup
		ADDED from Android-SDK-Sample-App-s4.3.1c5.3.1 copy:sdkui:unspecified:12:9
	android:theme
		ADDED from AndroidManifest.xml:14:9
activity#com.payu.testapp.MainActivity
ADDED from AndroidManifest.xml:15:9
	android:label
		ADDED from AndroidManifest.xml:17:13
	android:name
		ADDED from AndroidManifest.xml:16:13
intent-filter#android.intent.action.MAIN+android.intent.category.LAUNCHER
ADDED from AndroidManifest.xml:18:13
action#android.intent.action.MAIN
ADDED from AndroidManifest.xml:19:17
	android:name
		ADDED from AndroidManifest.xml:19:25
category#android.intent.category.LAUNCHER
ADDED from AndroidManifest.xml:20:17
	android:name
		ADDED from AndroidManifest.xml:20:27
uses-sdk
INJECTED from AndroidManifest.xml:0:0 reason: use-sdk injection requested
MERGED from com.android.support:appcompat-v7:23.0.1:20:5
MERGED from com.android.support:support-v4:23.0.1:20:5
MERGED from Android-SDK-Sample-App-s4.3.1c5.3.1 copy:sdkui:unspecified:7:5
MERGED from com.android.support:appcompat-v7:23.0.1:20:5
MERGED from com.android.support:support-v4:23.0.1:20:5
MERGED from com.payu.india:payu-sdk:4.3.1:7:5
MERGED from com.android.support:appcompat-v7:23.0.1:20:5
MERGED from com.android.support:support-v4:23.0.1:20:5
MERGED from com.payu.custombrowser:payu-custom-browser:5.3.3:7:5
MERGED from com.android.support:appcompat-v7:23.0.1:20:5
MERGED from com.android.support:support-v4:23.0.1:20:5
MERGED from com.mixpanel.android:mixpanel-android:4.6.4:11:5
MERGED from com.payu.magicretry:magicretry:1.0.0:7:5
MERGED from com.android.support:appcompat-v7:23.0.1:20:5
MERGED from com.android.support:support-v4:23.0.1:20:5
MERGED from com.mixpanel.android:mixpanel-android:4.6.4:11:5
MERGED from com.payu.magicretry:magicretry:1.0.0:7:5
MERGED from com.android.support:appcompat-v7:23.0.1:20:5
MERGED from com.android.support:support-v4:23.0.1:20:5
MERGED from com.mixpanel.android:mixpanel-android:4.6.4:11:5
	android:targetSdkVersion
		INJECTED from AndroidManifest.xml:0:0
		INJECTED from AndroidManifest.xml:0:0
	tools:ignore
		ADDED from com.mixpanel.android:mixpanel-android:4.6.4:14:9
	android:minSdkVersion
		INJECTED from AndroidManifest.xml:0:0
		INJECTED from AndroidManifest.xml:0:0
activity#com.payu.payuui.PayUBaseActivity
ADDED from Android-SDK-Sample-App-s4.3.1c5.3.1 copy:sdkui:unspecified:14:9
	android:label
		ADDED from Android-SDK-Sample-App-s4.3.1c5.3.1 copy:sdkui:unspecified:17:13
	android:configChanges
		ADDED from Android-SDK-Sample-App-s4.3.1c5.3.1 copy:sdkui:unspecified:16:13
	android:name
		ADDED from Android-SDK-Sample-App-s4.3.1c5.3.1 copy:sdkui:unspecified:15:13
activity#com.payu.payuui.PaymentsActivity
ADDED from Android-SDK-Sample-App-s4.3.1c5.3.1 copy:sdkui:unspecified:20:9
	android:screenOrientation
		ADDED from Android-SDK-Sample-App-s4.3.1c5.3.1 copy:sdkui:unspecified:22:13
	android:windowSoftInputMode
		ADDED from Android-SDK-Sample-App-s4.3.1c5.3.1 copy:sdkui:unspecified:23:13
	android:name
		ADDED from Android-SDK-Sample-App-s4.3.1c5.3.1 copy:sdkui:unspecified:21:13
activity#com.payu.payuui.PayUEmiActivity
ADDED from Android-SDK-Sample-App-s4.3.1c5.3.1 copy:sdkui:unspecified:25:9
	android:name
		ADDED from Android-SDK-Sample-App-s4.3.1c5.3.1 copy:sdkui:unspecified:25:19
activity#com.payu.payuui.PayUCreditDebitCardActivity
ADDED from Android-SDK-Sample-App-s4.3.1c5.3.1 copy:sdkui:unspecified:27:9
	android:name
		ADDED from Android-SDK-Sample-App-s4.3.1c5.3.1 copy:sdkui:unspecified:27:19
activity#com.payu.payuui.PayUCashCardActivity
ADDED from Android-SDK-Sample-App-s4.3.1c5.3.1 copy:sdkui:unspecified:29:9
	android:name
		ADDED from Android-SDK-Sample-App-s4.3.1c5.3.1 copy:sdkui:unspecified:29:19
activity#com.payu.payuui.PayUNetBankingActivity
ADDED from Android-SDK-Sample-App-s4.3.1c5.3.1 copy:sdkui:unspecified:31:9
	android:name
		ADDED from Android-SDK-Sample-App-s4.3.1c5.3.1 copy:sdkui:unspecified:31:19
activity#com.payu.payuui.PayUVerifyApiActivity
ADDED from Android-SDK-Sample-App-s4.3.1c5.3.1 copy:sdkui:unspecified:33:9
	android:name
		ADDED from Android-SDK-Sample-App-s4.3.1c5.3.1 copy:sdkui:unspecified:33:19
activity#com.payu.payuui.PayUStoredCardsActivity
ADDED from Android-SDK-Sample-App-s4.3.1c5.3.1 copy:sdkui:unspecified:35:9
	android:windowSoftInputMode
		ADDED from Android-SDK-Sample-App-s4.3.1c5.3.1 copy:sdkui:unspecified:38:13
	android:configChanges
		ADDED from Android-SDK-Sample-App-s4.3.1c5.3.1 copy:sdkui:unspecified:37:13
	android:name
		ADDED from Android-SDK-Sample-App-s4.3.1c5.3.1 copy:sdkui:unspecified:36:13
activity#com.payu.payuui.PayUOneClickPaymentActivity
ADDED from Android-SDK-Sample-App-s4.3.1c5.3.1 copy:sdkui:unspecified:40:9
	android:windowSoftInputMode
		ADDED from Android-SDK-Sample-App-s4.3.1c5.3.1 copy:sdkui:unspecified:43:13
	android:configChanges
		ADDED from Android-SDK-Sample-App-s4.3.1c5.3.1 copy:sdkui:unspecified:42:13
	android:name
		ADDED from Android-SDK-Sample-App-s4.3.1c5.3.1 copy:sdkui:unspecified:41:13